13.1.2024, 11:38:28 - INFO - Server is running on port: 303115.1.2024, 19:25:32 - INFO - Server is running on port: 3030
15.1.2024, 19:25:36 - INFO - Req was made | /:stationId
15.1.2024, 19:25:40 - INFO - Req was made | /edit
15.1.2024, 19:25:41 - INFO - Req was made | /:stationId
15.1.2024, 19:25:45 - INFO - Req was made | /:stationId
15.1.2024, 19:28:45 - INFO - Req was made | /:stationId
15.1.2024, 19:28:51 - INFO - Req was made | /:stationId
15.1.2024, 19:28:57 - INFO - Req was made | /:stationId
15.1.2024, 19:29:23 - INFO - Req was made | /edit
15.1.2024, 19:29:23 - INFO - Req was made | /edit/:stationId
15.1.2024, 19:29:27 - INFO - Req was made | /:stationId
15.1.2024, 19:29:34 - INFO - Req was made | /edit/:stationId
15.1.2024, 19:29:34 - INFO - Req was made | /edit/:stationId
15.1.2024, 19:29:36 - INFO - Req was made | /:stationId
15.1.2024, 19:29:38 - INFO - Req was made | /:stationId
15.1.2024, 19:29:39 - INFO - Req was made | /:stationId
15.1.2024, 19:29:40 - INFO - Req was made | /:stationId
15.1.2024, 19:29:42 - INFO - Req was made | /:stationId
15.1.2024, 19:29:43 - INFO - Req was made | /:stationId
15.1.2024, 19:29:44 - INFO - Req was made | /:stationId
15.1.2024, 19:29:45 - INFO - Req was made | /:stationId
15.1.2024, 19:29:49 - INFO - Req was made | /edit/:stationId
15.1.2024, 19:29:51 - INFO - Req was made | /:stationId
15.1.2024, 19:29:53 - INFO - Req was made | /:stationId
15.1.2024, 19:29:54 - INFO - Req was made | /:stationId
15.1.2024, 19:32:16 - INFO - Req was made | /:stationId
15.1.2024, 19:32:25 - INFO - Req was made | /:stationId
15.1.2024, 19:32:38 - INFO - Req was made | /:stationId
15.1.2024, 19:32:42 - INFO - Req was made | /:stationId
15.1.2024, 19:34:09 - INFO - Req was made | /:stationId
15.1.2024, 19:34:24 - INFO - Req was made | /:stationId
15.1.2024, 19:36:50 - INFO - Req was made | /
15.1.2024, 19:36:50 - DEBUG - Getting stations | {}
15.1.2024, 19:36:56 - INFO - Req was made | /:stationId
15.1.2024, 19:36:57 - INFO - Req was made | /:stationId
15.1.2024, 19:36:57 - INFO - Req was made | /:stationId
15.1.2024, 19:36:58 - INFO - Req was made | /:stationId
15.1.2024, 19:37:22 - INFO - Req was made | /edit
15.1.2024, 19:37:22 - INFO - Req was made | /edit/:stationId
15.1.2024, 19:37:31 - INFO - Req was made | /:stationId
15.1.2024, 19:37:32 - INFO - Req was made | /:stationId
15.1.2024, 19:37:33 - INFO - Req was made | /:stationId
15.1.2024, 19:37:34 - INFO - Req was made | /:stationId
15.1.2024, 19:41:28 - INFO - Req was made | /:stationId
15.1.2024, 19:41:32 - INFO - Req was made | /:stationId
15.1.2024, 19:41:37 - INFO - Req was made | /:stationId
15.1.2024, 19:41:48 - INFO - Req was made | /:stationId
15.1.2024, 19:42:10 - INFO - Req was made | /edit
15.1.2024, 19:42:10 - INFO - Req was made | /edit/:stationId
15.1.2024, 19:45:27 - INFO - Req was made | /:stationId
15.1.2024, 19:47:26 - INFO - Req was made | /
15.1.2024, 19:47:26 - DEBUG - Getting stations | {}
15.1.2024, 19:47:34 - DEBUG - auth.service - login with username: abc
15.1.2024, 19:47:34 - ERROR - Failed to Login Error: Invalid username or password
15.1.2024, 19:47:45 - INFO - Req was made | /edit
15.1.2024, 19:47:45 - INFO - Req was made | /edit
15.1.2024, 19:47:45 - DEBUG - auth.service - signup with username: abc
15.1.2024, 19:47:45 - DEBUG - auth.route - new account created: {"username":"abc","password":"$2b$10$EUOMp0U9tiDkmPVL.S3GWeL/dmJqZ3jzHQ2xN6zaYxFO1cuCz5tF6","email":"a@aa","stations":[{"name":"Liked Songs","stationListTitle":"","type":"playlist","tags":[],"imgUrl":"/src/assets/img/favorits.png","createdBy":{"_id":"","username":""},"likedByUsers":0,"songs":[],"duration":"00:00","_id":"65a56fc1c188baf8d499726a"},{"name":"Downloaded","stationListTitle":"","type":"playlist","tags":[],"imgUrl":"/src/assets/img/favorits.png","createdBy":{"_id":"","username":""},"likedByUsers":0,"songs":[],"duration":"00:00","_id":"65a56fc1c188baf8d499726b"}],"imgUrl":"","_id":"65a56fc1c188baf8d499726c"}
15.1.2024, 19:47:45 - DEBUG - auth.service - login with username: abc
15.1.2024, 19:47:45 - INFO - Req was made | /
15.1.2024, 19:47:45 - DEBUG - Getting stations | {}
15.1.2024, 19:47:48 - INFO - Req was made | /edit
15.1.2024, 19:47:48 - INFO - Req was made | /:userId
15.1.2024, 19:47:49 - INFO - Req was made | /:stationId
